[2023-05-03 14:02:37,554] multiqc                                            [DEBUG  ]  No MultiQC config found: /home/mikolaj.radosz/.conda/envs/fastqc/lib/python2.7/site-packages/multiqc-1.0.dev0-py2.7.egg/multiqc_config.yaml
[2023-05-03 14:02:37,554] multiqc                                            [DEBUG  ]  No MultiQC config found: /home/mikolaj.radosz/.multiqc_config.yaml
[2023-05-03 14:02:37,554] multiqc                                            [DEBUG  ]  No MultiQC config found: multiqc_config.yaml
[2023-05-03 14:02:37,554] multiqc                                            [DEBUG  ]  Command used: /home/mikolaj.radosz/.conda/envs/fastqc/bin/multiqc t02 -o wyniki36
[2023-05-03 14:02:37,554] multiqc                                            [DEBUG  ]  Could not connect to multiqc.info for version check
[2023-05-03 14:02:37,554] multiqc                                            [INFO   ]  This is MultiQC v1.0.dev0
[2023-05-03 14:02:37,554] multiqc                                            [DEBUG  ]  Command     : /home/mikolaj.radosz/.conda/envs/fastqc/bin/multiqc t02 -o wyniki36
[2023-05-03 14:02:37,555] multiqc                                            [DEBUG  ]  Working dir : /home/mikolaj.radosz/paired36prawdziwe/wyniki-fastqc
[2023-05-03 14:02:37,555] multiqc                                            [INFO   ]  Template    : default
[2023-05-03 14:02:37,555] multiqc                                            [INFO   ]  Searching 't02'
[2023-05-03 14:02:37,555] multiqc                                            [DEBUG  ]  Analysing modules: custom_content, peddy, methylQA, qualimap, preseq, quast, rseqc, busco, goleft_indexcov, snpeff, gatk, htseq, bcftools, featureCounts, picard, prokka, samblaster, samtools, bamtools, bismark, hicup, salmon, kallisto, slamdunk, star, tophat, bowtie2, bowtie1, cutadapt, trimmomatic, skewer, fastq_screen, fastqc, clusterflow
[2023-05-03 14:02:37,555] multiqc                                            [DEBUG  ]  Using temporary directory for creating report: /tmp/tmpoZ4mmm
[2023-05-03 14:02:37,778] multiqc.modules.custom_content.custom_content      [DEBUG  ]  No custom content found
[2023-05-03 14:02:37,782] multiqc.modules.peddy.peddy                        [DEBUG  ]  Could not find any reports in ('t02',)
[2023-05-03 14:02:37,784] multiqc.modules.methylQA.methylQA                  [DEBUG  ]  Could not find any reports in ('t02',)
[2023-05-03 14:02:37,785] multiqc.modules.qualimap.QM_BamQC                  [DEBUG  ]  Using default Qualimap thresholds: 1, 5, 10, 30, 50
[2023-05-03 14:02:37,789] multiqc.modules.qualimap.qualimap                  [DEBUG  ]  Could not find any reports in ('t02',)
[2023-05-03 14:02:37,842] multiqc.modules.preseq.preseq                      [DEBUG  ]  Could not find any preseq data in ('t02',)
[2023-05-03 14:02:37,848] multiqc.modules.quast.quast                        [DEBUG  ]  Could not find any reports in ('t02',)
[2023-05-03 14:02:37,862] multiqc.modules.rseqc.rseqc                        [DEBUG  ]  Could not find any reports in ('t02',)
[2023-05-03 14:02:37,864] multiqc.modules.busco.busco                        [DEBUG  ]  Could not find any reports in ('t02',)
[2023-05-03 14:02:37,867] multiqc.modules.goleft_indexcov.goleft_indexcov    [DEBUG  ]  Did not find goleft indexcov outputs in ('t02',)
[2023-05-03 14:02:37,869] multiqc.modules.snpeff.snpeff                      [DEBUG  ]  Could not find any data in ('t02',)
[2023-05-03 14:02:37,871] multiqc.modules.gatk.gatk                          [DEBUG  ]  Could not find any reports in ('t02',)
[2023-05-03 14:02:37,873] multiqc.modules.htseq.htseq                        [DEBUG  ]  Could not find any reports in ('t02',)
[2023-05-03 14:02:37,875] multiqc.modules.bcftools.bcftools                  [DEBUG  ]  Could not find any reports in ('t02',)
[2023-05-03 14:02:37,877] multiqc.modules.featureCounts.feature_counts       [DEBUG  ]  Could not find any reports in ('t02',)
[2023-05-03 14:02:37,887] multiqc.modules.picard.picard                      [DEBUG  ]  Could not find any reports in ('t02',)
[2023-05-03 14:02:37,889] multiqc.modules.prokka.prokka                      [DEBUG  ]  Could not find any Prokka data in ('t02',)
[2023-05-03 14:02:37,891] multiqc.modules.samblaster.samblaster              [DEBUG  ]  Could not find any data in ('t02',)
[2023-05-03 14:02:37,896] multiqc.modules.samtools.samtools                  [DEBUG  ]  Could not find any reports in ('t02',)
[2023-05-03 14:02:37,898] multiqc.modules.bamtools.bamtools                  [DEBUG  ]  Could not find any reports in ('t02',)
[2023-05-03 14:02:37,902] multiqc.modules.bismark.bismark                    [DEBUG  ]  Could not find any reports in ('t02',)
[2023-05-03 14:02:37,904] multiqc.modules.hicup.hicup                        [DEBUG  ]  Could not find any HiCUP data in ('t02',)
[2023-05-03 14:02:37,907] multiqc.modules.salmon.salmon                      [DEBUG  ]  Could not find any Salmon data in ('t02',)
[2023-05-03 14:02:37,909] multiqc.modules.kallisto.kallisto                  [DEBUG  ]  Could not find any reports in ('t02',)
[2023-05-03 14:02:37,915] multiqc.modules.slamdunk.slamdunk                  [DEBUG  ]  No slamdunk reports found.
[2023-05-03 14:02:37,917] multiqc.modules.star.star                          [DEBUG  ]  Could not find any reports in ('t02',)
[2023-05-03 14:02:37,919] multiqc.modules.tophat.tophat                      [DEBUG  ]  Could not find any reports in ('t02',)
[2023-05-03 14:02:37,922] multiqc.modules.bowtie2.bowtie2                    [DEBUG  ]  Could not find any reports in ('t02',)
[2023-05-03 14:02:37,924] multiqc.modules.bowtie1.bowtie1                    [DEBUG  ]  Could not find any reports in ('t02',)
[2023-05-03 14:02:37,926] multiqc.modules.cutadapt.cutadapt                  [DEBUG  ]  Could not find any reports in ('t02',)
[2023-05-03 14:02:37,928] multiqc.modules.trimmomatic.trimmomatic            [DEBUG  ]  Could not find any Trimmomatic data in ('t02',)
[2023-05-03 14:02:37,930] multiqc.modules.skewer.skewer                      [DEBUG  ]  Could not find any data in ('t02',)
[2023-05-03 14:02:37,932] multiqc.modules.fastq_screen.fastq_screen          [DEBUG  ]  Could not find any reports in ('t02',)
[2023-05-03 14:02:38,620] multiqc.modules.fastqc.fastqc                      [INFO   ]  Found 16 reports
[2023-05-03 14:02:39,492] multiqc.modules.clusterflow.clusterflow            [DEBUG  ]  Could not find any reports in ('t02',)
[2023-05-03 14:02:39,494] multiqc                                            [INFO   ]  Report      : wyniki36/multiqc_report.html
[2023-05-03 14:02:39,495] multiqc                                            [INFO   ]  Data        : wyniki36/multiqc_data
[2023-05-03 14:02:39,495] multiqc                                            [DEBUG  ]  Moving data file from '/tmp/tmpoZ4mmm/multiqc_data/multiqc_general_stats.txt' to 'wyniki36/multiqc_data'
[2023-05-03 14:02:39,495] multiqc                                            [DEBUG  ]  Moving data file from '/tmp/tmpoZ4mmm/multiqc_data/multiqc_sources.txt' to 'wyniki36/multiqc_data'
[2023-05-03 14:02:39,495] multiqc                                            [DEBUG  ]  Moving data file from '/tmp/tmpoZ4mmm/multiqc_data/multiqc_fastqc.txt' to 'wyniki36/multiqc_data'
[2023-05-03 14:02:39,571] multiqc                                            [INFO   ]  MultiQC complete
