[2023-10-26 12:26:48,310] multiqc                                            [DEBUG  ]  No MultiQC config found: /home/mikolaj.radosz/.conda/envs/fastqc/lib/python2.7/site-packages/multiqc-1.0.dev0-py2.7.egg/multiqc_config.yaml
[2023-10-26 12:26:48,310] multiqc                                            [DEBUG  ]  No MultiQC config found: /home/mikolaj.radosz/.multiqc_config.yaml
[2023-10-26 12:26:48,311] multiqc                                            [DEBUG  ]  No MultiQC config found: multiqc_config.yaml
[2023-10-26 12:26:48,311] multiqc                                            [DEBUG  ]  Command used: /home/mikolaj.radosz/.conda/envs/fastqc/bin/multiqc . -o .
[2023-10-26 12:26:48,311] multiqc                                            [DEBUG  ]  Could not connect to multiqc.info for version check
[2023-10-26 12:26:48,311] multiqc                                            [INFO   ]  This is MultiQC v1.0.dev0
[2023-10-26 12:26:48,311] multiqc                                            [DEBUG  ]  Command     : /home/mikolaj.radosz/.conda/envs/fastqc/bin/multiqc . -o .
[2023-10-26 12:26:48,311] multiqc                                            [DEBUG  ]  Working dir : /home/mikolaj.radosz/align_raport
[2023-10-26 12:26:48,311] multiqc                                            [INFO   ]  Template    : default
[2023-10-26 12:26:48,311] multiqc                                            [INFO   ]  Searching '.'
[2023-10-26 12:26:48,311] multiqc                                            [DEBUG  ]  Analysing modules: custom_content, peddy, methylQA, qualimap, preseq, quast, rseqc, busco, goleft_indexcov, snpeff, gatk, htseq, bcftools, featureCounts, picard, prokka, samblaster, samtools, bamtools, bismark, hicup, salmon, kallisto, slamdunk, star, tophat, bowtie2, bowtie1, cutadapt, trimmomatic, skewer, fastq_screen, fastqc, clusterflow
[2023-10-26 12:26:48,311] multiqc                                            [DEBUG  ]  Using temporary directory for creating report: /tmp/tmpXdMKu4
[2023-10-26 12:26:50,660] multiqc.modules.custom_content.custom_content      [DEBUG  ]  No custom content found
[2023-10-26 12:26:50,694] multiqc.modules.peddy.peddy                        [DEBUG  ]  Could not find any reports in ('.',)
[2023-10-26 12:26:50,701] multiqc.modules.methylQA.methylQA                  [DEBUG  ]  Could not find any reports in ('.',)
[2023-10-26 12:26:50,709] multiqc.modules.qualimap.QM_BamQC                  [DEBUG  ]  Using default Qualimap thresholds: 1, 5, 10, 30, 50
[2023-10-26 12:26:50,719] multiqc.modules.qualimap.qualimap                  [DEBUG  ]  Could not find any reports in ('.',)
[2023-10-26 12:26:50,731] multiqc.modules.preseq.preseq                      [DEBUG  ]  Could not find any preseq data in ('.',)
[2023-10-26 12:26:50,735] multiqc.modules.quast.quast                        [DEBUG  ]  Could not find any reports in ('.',)
[2023-10-26 12:26:50,812] multiqc.modules.rseqc.rseqc                        [DEBUG  ]  Could not find any reports in ('.',)
[2023-10-26 12:26:50,819] multiqc.modules.busco.busco                        [DEBUG  ]  Could not find any reports in ('.',)
[2023-10-26 12:26:50,836] multiqc.modules.goleft_indexcov.goleft_indexcov    [DEBUG  ]  Did not find goleft indexcov outputs in ('.',)
[2023-10-26 12:26:50,847] multiqc.modules.snpeff.snpeff                      [DEBUG  ]  Could not find any data in ('.',)
[2023-10-26 12:26:50,866] multiqc.modules.gatk.gatk                          [DEBUG  ]  Could not find any reports in ('.',)
[2023-10-26 12:26:50,876] multiqc.modules.htseq.htseq                        [DEBUG  ]  Could not find any reports in ('.',)
[2023-10-26 12:26:50,890] multiqc.modules.bcftools.bcftools                  [DEBUG  ]  Could not find any reports in ('.',)
[2023-10-26 12:26:50,907] multiqc.modules.featureCounts.feature_counts       [DEBUG  ]  Could not find any reports in ('.',)
[2023-10-26 12:26:51,016] multiqc.modules.picard.picard                      [DEBUG  ]  Could not find any reports in ('.',)
[2023-10-26 12:26:51,020] multiqc.modules.prokka.prokka                      [DEBUG  ]  Could not find any Prokka data in ('.',)
[2023-10-26 12:26:51,029] multiqc.modules.samblaster.samblaster              [DEBUG  ]  Could not find any data in ('.',)
[2023-10-26 12:26:51,069] multiqc.modules.samtools.samtools                  [DEBUG  ]  Could not find any reports in ('.',)
[2023-10-26 12:26:51,077] multiqc.modules.bamtools.bamtools                  [DEBUG  ]  Could not find any reports in ('.',)
[2023-10-26 12:26:51,088] multiqc.modules.bismark.bismark                    [DEBUG  ]  Could not find any reports in ('.',)
[2023-10-26 12:26:51,091] multiqc.modules.hicup.hicup                        [DEBUG  ]  Could not find any HiCUP data in ('.',)
[2023-10-26 12:26:51,097] multiqc.modules.salmon.salmon                      [DEBUG  ]  Could not find any Salmon data in ('.',)
[2023-10-26 12:26:51,110] multiqc.modules.kallisto.kallisto                  [DEBUG  ]  Could not find any reports in ('.',)
[2023-10-26 12:26:51,149] multiqc.modules.slamdunk.slamdunk                  [DEBUG  ]  No slamdunk reports found.
[2023-10-26 12:26:51,154] multiqc.modules.star.star                          [DEBUG  ]  Could not find any reports in ('.',)
[2023-10-26 12:26:51,160] multiqc.modules.tophat.tophat                      [DEBUG  ]  Could not find any reports in ('.',)
[2023-10-26 12:26:51,177] multiqc.modules.bowtie2.bowtie2                    [INFO   ]  Found 24 reports
[2023-10-26 12:26:51,188] multiqc.modules.bowtie1.bowtie1                    [DEBUG  ]  Could not find any reports in ('.',)
[2023-10-26 12:26:51,196] multiqc.modules.cutadapt.cutadapt                  [DEBUG  ]  Could not find any reports in ('.',)
[2023-10-26 12:26:51,205] multiqc.modules.trimmomatic.trimmomatic            [DEBUG  ]  Could not find any Trimmomatic data in ('.',)
[2023-10-26 12:26:51,217] multiqc.modules.skewer.skewer                      [DEBUG  ]  Could not find any data in ('.',)
[2023-10-26 12:26:51,220] multiqc.modules.fastq_screen.fastq_screen          [DEBUG  ]  Could not find any reports in ('.',)
[2023-10-26 12:26:51,225] multiqc.modules.fastqc.fastqc                      [DEBUG  ]  Could not find any reports in ('.',)
[2023-10-26 12:26:51,231] multiqc.modules.clusterflow.clusterflow            [DEBUG  ]  Could not find any reports in ('.',)
[2023-10-26 12:26:51,231] multiqc                                            [INFO   ]  Report      : multiqc_report.html
[2023-10-26 12:26:51,232] multiqc                                            [INFO   ]  Data        : multiqc_data
[2023-10-26 12:26:51,232] multiqc                                            [DEBUG  ]  Moving data file from '/tmp/tmpXdMKu4/multiqc_data/multiqc_general_stats.txt' to './multiqc_data'
[2023-10-26 12:26:51,232] multiqc                                            [DEBUG  ]  Moving data file from '/tmp/tmpXdMKu4/multiqc_data/multiqc_bowtie2.txt' to './multiqc_data'
[2023-10-26 12:26:51,233] multiqc                                            [DEBUG  ]  Moving data file from '/tmp/tmpXdMKu4/multiqc_data/multiqc_sources.txt' to './multiqc_data'
[2023-10-26 12:26:51,329] multiqc                                            [INFO   ]  MultiQC complete
