[2023-07-09 11:56:58,834] multiqc                                            [DEBUG  ]  No MultiQC config found: /home/mikolaj.radosz/.conda/envs/fastqc/lib/python2.7/site-packages/multiqc-1.0.dev0-py2.7.egg/multiqc_config.yaml
[2023-07-09 11:56:58,834] multiqc                                            [DEBUG  ]  No MultiQC config found: /home/mikolaj.radosz/.multiqc_config.yaml
[2023-07-09 11:56:58,834] multiqc                                            [DEBUG  ]  No MultiQC config found: multiqc_config.yaml
[2023-07-09 11:56:58,834] multiqc                                            [DEBUG  ]  Command used: /home/mikolaj.radosz/.conda/envs/fastqc/bin/multiqc t02 -o wyniki
[2023-07-09 11:56:58,834] multiqc                                            [DEBUG  ]  Could not connect to multiqc.info for version check
[2023-07-09 11:56:58,835] multiqc                                            [INFO   ]  This is MultiQC v1.0.dev0
[2023-07-09 11:56:58,835] multiqc                                            [DEBUG  ]  Command     : /home/mikolaj.radosz/.conda/envs/fastqc/bin/multiqc t02 -o wyniki
[2023-07-09 11:56:58,835] multiqc                                            [DEBUG  ]  Working dir : /home/mikolaj.radosz/fastp-g_po-fastqc
[2023-07-09 11:56:58,835] multiqc                                            [INFO   ]  Template    : default
[2023-07-09 11:56:58,835] multiqc                                            [INFO   ]  Searching 't02'
[2023-07-09 11:56:58,835] multiqc                                            [DEBUG  ]  Analysing modules: custom_content, peddy, methylQA, qualimap, preseq, quast, rseqc, busco, goleft_indexcov, snpeff, gatk, htseq, bcftools, featureCounts, picard, prokka, samblaster, samtools, bamtools, bismark, hicup, salmon, kallisto, slamdunk, star, tophat, bowtie2, bowtie1, cutadapt, trimmomatic, skewer, fastq_screen, fastqc, clusterflow
[2023-07-09 11:56:58,835] multiqc                                            [DEBUG  ]  Using temporary directory for creating report: /tmp/tmpSksJ2S
[2023-07-09 11:56:59,031] multiqc.modules.custom_content.custom_content      [DEBUG  ]  No custom content found
[2023-07-09 11:56:59,037] multiqc.modules.peddy.peddy                        [DEBUG  ]  Could not find any reports in ('t02',)
[2023-07-09 11:56:59,039] multiqc.modules.methylQA.methylQA                  [DEBUG  ]  Could not find any reports in ('t02',)
[2023-07-09 11:56:59,040] multiqc.modules.qualimap.QM_BamQC                  [DEBUG  ]  Using default Qualimap thresholds: 1, 5, 10, 30, 50
[2023-07-09 11:56:59,047] multiqc.modules.qualimap.qualimap                  [DEBUG  ]  Could not find any reports in ('t02',)
[2023-07-09 11:56:59,128] multiqc.modules.preseq.preseq                      [DEBUG  ]  Could not find any preseq data in ('t02',)
[2023-07-09 11:56:59,130] multiqc.modules.quast.quast                        [DEBUG  ]  Could not find any reports in ('t02',)
[2023-07-09 11:56:59,276] multiqc.modules.rseqc.rseqc                        [DEBUG  ]  Could not find any reports in ('t02',)
[2023-07-09 11:56:59,278] multiqc.modules.busco.busco                        [DEBUG  ]  Could not find any reports in ('t02',)
[2023-07-09 11:56:59,282] multiqc.modules.goleft_indexcov.goleft_indexcov    [DEBUG  ]  Did not find goleft indexcov outputs in ('t02',)
[2023-07-09 11:56:59,318] multiqc.modules.snpeff.snpeff                      [DEBUG  ]  Could not find any data in ('t02',)
[2023-07-09 11:56:59,357] multiqc.modules.gatk.gatk                          [DEBUG  ]  Could not find any reports in ('t02',)
[2023-07-09 11:56:59,395] multiqc.modules.htseq.htseq                        [DEBUG  ]  Could not find any reports in ('t02',)
[2023-07-09 11:56:59,432] multiqc.modules.bcftools.bcftools                  [DEBUG  ]  Could not find any reports in ('t02',)
[2023-07-09 11:56:59,435] multiqc.modules.featureCounts.feature_counts       [DEBUG  ]  Could not find any reports in ('t02',)
[2023-07-09 11:56:59,783] multiqc.modules.picard.picard                      [DEBUG  ]  Could not find any reports in ('t02',)
[2023-07-09 11:56:59,786] multiqc.modules.prokka.prokka                      [DEBUG  ]  Could not find any Prokka data in ('t02',)
[2023-07-09 11:56:59,822] multiqc.modules.samblaster.samblaster              [DEBUG  ]  Could not find any data in ('t02',)
[2023-07-09 11:56:59,928] multiqc.modules.samtools.samtools                  [DEBUG  ]  Could not find any reports in ('t02',)
[2023-07-09 11:56:59,963] multiqc.modules.bamtools.bamtools                  [DEBUG  ]  Could not find any reports in ('t02',)
[2023-07-09 11:56:59,970] multiqc.modules.bismark.bismark                    [DEBUG  ]  Could not find any reports in ('t02',)
[2023-07-09 11:56:59,973] multiqc.modules.hicup.hicup                        [DEBUG  ]  Could not find any HiCUP data in ('t02',)
[2023-07-09 11:56:59,976] multiqc.modules.salmon.salmon                      [DEBUG  ]  Could not find any Salmon data in ('t02',)
[2023-07-09 11:57:00,011] multiqc.modules.kallisto.kallisto                  [DEBUG  ]  Could not find any reports in ('t02',)
[2023-07-09 11:57:00,219] multiqc.modules.slamdunk.slamdunk                  [DEBUG  ]  No slamdunk reports found.
[2023-07-09 11:57:00,223] multiqc.modules.star.star                          [DEBUG  ]  Could not find any reports in ('t02',)
[2023-07-09 11:57:00,225] multiqc.modules.tophat.tophat                      [DEBUG  ]  Could not find any reports in ('t02',)
[2023-07-09 11:57:00,261] multiqc.modules.bowtie2.bowtie2                    [DEBUG  ]  Could not find any reports in ('t02',)
[2023-07-09 11:57:00,296] multiqc.modules.bowtie1.bowtie1                    [DEBUG  ]  Could not find any reports in ('t02',)
[2023-07-09 11:57:00,332] multiqc.modules.cutadapt.cutadapt                  [DEBUG  ]  Could not find any reports in ('t02',)
[2023-07-09 11:57:00,368] multiqc.modules.trimmomatic.trimmomatic            [DEBUG  ]  Could not find any Trimmomatic data in ('t02',)
[2023-07-09 11:57:00,403] multiqc.modules.skewer.skewer                      [DEBUG  ]  Could not find any data in ('t02',)
[2023-07-09 11:57:00,406] multiqc.modules.fastq_screen.fastq_screen          [DEBUG  ]  Could not find any reports in ('t02',)
[2023-07-09 11:57:00,945] multiqc.modules.fastqc.fastqc                      [INFO   ]  Found 16 reports
[2023-07-09 11:57:01,812] multiqc.modules.clusterflow.clusterflow            [DEBUG  ]  Could not find any reports in ('t02',)
[2023-07-09 11:57:01,813] multiqc                                            [INFO   ]  Report      : wyniki/multiqc_report.html
[2023-07-09 11:57:01,813] multiqc                                            [INFO   ]  Data        : wyniki/multiqc_data
[2023-07-09 11:57:01,813] multiqc                                            [DEBUG  ]  Moving data file from '/tmp/tmpSksJ2S/multiqc_data/multiqc_general_stats.txt' to 'wyniki/multiqc_data'
[2023-07-09 11:57:01,813] multiqc                                            [DEBUG  ]  Moving data file from '/tmp/tmpSksJ2S/multiqc_data/multiqc_sources.txt' to 'wyniki/multiqc_data'
[2023-07-09 11:57:01,813] multiqc                                            [DEBUG  ]  Moving data file from '/tmp/tmpSksJ2S/multiqc_data/multiqc_fastqc.txt' to 'wyniki/multiqc_data'
[2023-07-09 11:57:01,874] multiqc                                            [INFO   ]  MultiQC complete
